<?xml version="1.0" encoding="UTF-8"?>
<!-- Generated by org.testng.reporters.JUnitReportReporter -->
<testsuite skipped="0" hostname="MyPC" name="parallel.TestRunner" tests="2" failures="0" timestamp="01 Apr 2021 18:01:35 GMT" time="135.151" errors="0">
  <testcase name="runScenario" time="60.301" classname="parallel.TestRunner"/>
  <testcase name="runScenario" time="74.850" classname="parallel.TestRunner"/>
</testsuite> <!-- parallel.TestRunner -->
